2019-04-26 06:11:02 pid:1 exception 'PDOException' with message 'SQL:SELECT id,code,name FROM `test` WHERE id> :sex SQLSTATE[HY093]: Invalid parameter number: parameter was not defined' in D:\mf\test\workermans\Plugins\mysql-master\src\Connection.php:1772
Stack trace:
#0 D:\mf\test\workermans\Plugins\mysql-master\src\Connection.php(1830): Workerman\MySQL\Connection->execute('SELECT id,code,...', Array)
#1 D:\mf\test\workermans\plug\mysql.php(28): Workerman\MySQL\Connection->query()
#2 [internal function]: {closure}(Object(Workerman\Connection\TcpConnection), 'e')
#3 D:\mf\test\workermans\Workerman\Connection\TcpConnection.php(658): call_user_func(Object(Closure), Object(Workerman\Connection\TcpConnection), 'e')
#4 [internal function]: Workerman\Connection\TcpConnection->baseRead(Resource id #22)
#5 D:\mf\test\workermans\Workerman\Events\Select.php(294): call_user_func_array(Array, Array)
#6 D:\mf\test\workermans\Workerman\Worker.php(2357): Workerman\Events\Select->loop()
#7 D:\mf\test\workermans\Workerman\Worker.php(1351): Workerman\Worker->run()
#8 D:\mf\test\workermans\Workerman\Worker.php(1294): Workerman\Worker::forkWorkersForWindows()
#9 D:\mf\test\workermans\Workerman\Worker.php(509): Workerman\Worker::forkWorkers()
#10 D:\mf\test\workermans\plug\mysql.php(35): Workerman\Worker::runAll()
#11 {main}
2019-04-26 06:11:02 pid:1 Worker process terminated
2019-04-26 08:08:49 pid:1 exception 'Exception' with message 'class \Protocols\Mqtt not exist' in D:\mf\test\workermans\Workerman\Connection\AsyncTcpConnection.php:150
Stack trace:
#0 D:\mf\test\workermans\Plugins\mqtt-master\src\Client.php(201): Workerman\Connection\AsyncTcpConnection->__construct('mqtt://test.mos...', Array)
#1 D:\mf\test\workermans\plug\qqmt_publish.php(40): Workerman\Mqtt\Client->__construct('mqtt://test.mos...')
#2 [internal function]: {closure}(Object(Workerman\Worker))
#3 D:\mf\test\workermans\Workerman\Worker.php(2342): call_user_func(Object(Closure), Object(Workerman\Worker))
#4 D:\mf\test\workermans\Workerman\Worker.php(1351): Workerman\Worker->run()
#5 D:\mf\test\workermans\Workerman\Worker.php(1294): Workerman\Worker::forkWorkersForWindows()
#6 D:\mf\test\workermans\Workerman\Worker.php(509): Workerman\Worker::forkWorkers()
#7 D:\mf\test\workermans\plug\qqmt_publish.php(46): Workerman\Worker::runAll()
#8 {main}
2019-04-26 08:08:50 pid:1 Worker process terminated
2019-04-26 08:49:27 pid:1 exception 'Exception' with message 'class \Protocols\Mqtt not exist' in D:\mf\test\workermans\Workerman\Connection\AsyncTcpConnection.php:150
Stack trace:
#0 D:\mf\test\workermans\Plugins\mqtt-master\src\Client.php(201): Workerman\Connection\AsyncTcpConnection->__construct('mqtt://test.mos...', Array)
#1 D:\mf\test\workermans\plug\qqmt_publish.php(40): Workerman\Mqtt\Client->__construct('mqtt://test.mos...')
#2 [internal function]: {closure}(Object(Workerman\Worker))
#3 D:\mf\test\workermans\Workerman\Worker.php(2342): call_user_func(Object(Closure), Object(Workerman\Worker))
#4 D:\mf\test\workermans\Workerman\Worker.php(1351): Workerman\Worker->run()
#5 D:\mf\test\workermans\Workerman\Worker.php(1294): Workerman\Worker::forkWorkersForWindows()
#6 D:\mf\test\workermans\Workerman\Worker.php(509): Workerman\Worker::forkWorkers()
#7 D:\mf\test\workermans\plug\qqmt_publish.php(46): Workerman\Worker::runAll()
#8 {main}
2019-04-26 08:49:28 pid:1 Worker process terminated
